aFileChooser/build/outputs/logs/manifest-merger-debug-report.txt
-- Merging decision tree log ---
manifest
ADDED from src/main/AndroidManifest.xml:17:2-26:12
INJECTED from src/main/AndroidManifest.xml:17:2-26:12
INJECTED from src/main/AndroidManifest.xml:17:2-26:12
	package
		ADDED from src/main/AndroidManifest.xml:18:5-40
		INJECTED from src/main/AndroidManifest.xml
		INJECTED from src/main/AndroidManifest.xml
	xmlns:android
		ADDED from src/main/AndroidManifest.xml:17:12-70
uses-sdk
ADDED from src/main/AndroidManifest.xml:20:5-43
INJECTED from src/main/AndroidManifest.xml:20:5-43
INJECTED from src/main/AndroidManifest.xml:20:5-43
INJECTED from src/main/AndroidManifest.xml:20:5-43
INJECTED from src/main/AndroidManifest.xml:20:5-43
	android:maxSdkVersion
		ADDED from src/main/AndroidManifest.xml:20:15-41
	android:targetSdkVersion
		INJECTED from src/main/AndroidManifest.xml
		ADDED from src/main/AndroidManifest.xml:20:5-43
		INJECTED from src/main/AndroidManifest.xml
	android:minSdkVersion
		INJECTED from src/main/AndroidManifest.xml
		ADDED from src/main/AndroidManifest.xml:20:5-43
		INJECTED from src/main/AndroidManifest.xml
uses-permission#android.permission.READ_EXTERNAL_STORAGE
ADDED from src/main/AndroidManifest.xml:21:5-79
	android:name
		ADDED from src/main/AndroidManifest.xml:21:22-77
uses-permission#android.permission.WRITE_EXTERNAL_STORAGE
ADDED from src/main/AndroidManifest.xml:22:5-80
	android:name
		ADDED from src/main/AndroidManifest.xml:22:22-78